<?xml version="1.0" encoding="UTF-8"?>
<!-- Generated by org.testng.reporters.JUnitReportReporter -->
<testsuite skipped="0" hostname="Timothy" name="tests.LoginTestPageFactory" tests="1" failures="0" timestamp="12 Jul 2017 21:15:52 GMT" time="6.173" errors="0">
  <testcase name="LoginTestCase" time="6.173" classname="tests.LoginTestPageFactory"/>
</testsuite> <!-- tests.LoginTestPageFactory -->
