<?xml version="1.0" encoding="UTF-8"?>
<!-- Generated by org.testng.reporters.JUnitReportReporter -->
<testsuite skipped="0" hostname="Timothy" name="com.sdettraining.Demo.TestNGDataProvider" tests="15" failures="0" timestamp="07 Jul 2017 21:05:56 GMT" time="0.029" errors="0">
  <testcase name="ExcelTest" time="0.009" classname="com.sdettraining.Demo.TestNGDataProvider"/>
  <testcase name="ExcelTest" time="0.002" classname="com.sdettraining.Demo.TestNGDataProvider"/>
  <testcase name="ExcelTest" time="0.001" classname="com.sdettraining.Demo.TestNGDataProvider"/>
  <testcase name="ExcelTest" time="0.001" classname="com.sdettraining.Demo.TestNGDataProvider"/>
  <testcase name="ExcelTest" time="0.001" classname="com.sdettraining.Demo.TestNGDataProvider"/>
  <testcase name="ExcelTest" time="0.002" classname="com.sdettraining.Demo.TestNGDataProvider"/>
  <testcase name="ExcelTest" time="0.003" classname="com.sdettraining.Demo.TestNGDataProvider"/>
  <testcase name="ExcelTest" time="0.001" classname="com.sdettraining.Demo.TestNGDataProvider"/>
  <testcase name="ExcelTest" time="0.001" classname="com.sdettraining.Demo.TestNGDataProvider"/>
  <testcase name="ExcelTest" time="0.001" classname="com.sdettraining.Demo.TestNGDataProvider"/>
  <testcase name="ExcelTest" time="0.001" classname="com.sdettraining.Demo.TestNGDataProvider"/>
  <testcase name="ExcelTest" time="0.001" classname="com.sdettraining.Demo.TestNGDataProvider"/>
  <testcase name="ExcelTest" time="0.001" classname="com.sdettraining.Demo.TestNGDataProvider"/>
  <testcase name="ExcelTest" time="0.002" classname="com.sdettraining.Demo.TestNGDataProvider"/>
  <testcase name="ExcelTest" time="0.002" classname="com.sdettraining.Demo.TestNGDataProvider"/>
</testsuite> <!-- com.sdettraining.Demo.TestNGDataProvider -->
