<?xml version="1.0" encoding="UTF-8"?>
<!-- Generated by org.testng.reporters.JUnitReportReporter -->
<testsuite skipped="0" hostname="Timothy" name="com.sdettraining.Introduction.TestNGAnotherTest" tests="1" failures="0" timestamp="13 Jul 2017 17:01:23 GMT" time="0.000" errors="0">
  <testcase name="f" time="0.000" classname="com.sdettraining.Introduction.TestNGAnotherTest"/>
</testsuite> <!-- com.sdettraining.Introduction.TestNGAnotherTest -->
